This is pdfTeX, Version 3.141592653-2.6-1.40.24 (MiKTeX 22.3) (preloaded format=pdflatex 2022.4.5)  12 SEP 2022 10:02
entering extended mode
 restricted \write18 enabled.
 %&-line parsing enabled.
**./Greenwood_Book.tex
(Greenwood_Book.tex
LaTeX2e <2021-11-15> patch level 1
L3 programming layer <2022-02-24> (C:\Users\w76c139\AppData\Local\Programs\MiKT
eX\tex/latex/base\book.cls
Document Class: book 2021/10/04 v1.4n Standard LaTeX document class
(C:\Users\w76c139\AppData\Local\Programs\MiKTeX\tex/latex/base\bk10.clo
File: bk10.clo 2021/10/04 v1.4n Standard LaTeX file (size option)
)
\c@part=\count185
\c@chapter=\count186
\c@section=\count187
\c@subsection=\count188
\c@subsubsection=\count189
\c@paragraph=\count190
\c@subparagraph=\count191
\c@figure=\count192
\c@table=\count193
\abovecaptionskip=\skip47
\belowcaptionskip=\skip48
\bibindent=\dimen138
) (C:\Users\w76c139\AppData\Local\Programs\MiKTeX\tex/latex/amsmath\amsmath.sty
Package: amsmath 2021/10/15 v2.17l AMS math features
\@mathmargin=\skip49
For additional information on amsmath, use the `?' option.
(C:\Users\w76c139\AppData\Local\Programs\MiKTeX\tex/latex/amsmath\amstext.sty
Package: amstext 2021/08/26 v2.01 AMS text
(C:\Users\w76c139\AppData\Local\Programs\MiKTeX\tex/latex/amsmath\amsgen.sty
File: amsgen.sty 1999/11/30 v2.0 generic functions
\@emptytoks=\toks16
\ex@=\dimen139
)) (C:\Users\w76c139\AppData\Local\Programs\MiKTeX\tex/latex/amsmath\amsbsy.sty
Package: amsbsy 1999/11/29 v1.2d Bold Symbols
\pmbraise@=\dimen140
) (C:\Users\w76c139\AppData\Local\Programs\MiKTeX\tex/latex/amsmath\amsopn.sty
Package: amsopn 2021/08/26 v2.02 operator names
)
\inf@bad=\count194
LaTeX Info: Redefining \frac on input line 234.
\uproot@=\count195
\leftroot@=\count196
LaTeX Info: Redefining \overline on input line 399.
\classnum@=\count197
\DOTSCASE@=\count198
LaTeX Info: Redefining \ldots on input line 496.
LaTeX Info: Redefining \dots on input line 499.
LaTeX Info: Redefining \cdots on input line 620.
\Mathstrutbox@=\box50
\strutbox@=\box51
\big@size=\dimen141
LaTeX Font Info:    Redeclaring font encoding OML on input line 743.
LaTeX Font Info:    Redeclaring font encoding OMS on input line 744.
\macc@depth=\count199
\c@MaxMatrixCols=\count266
\dotsspace@=\muskip16
\c@parentequation=\count267
\dspbrk@lvl=\count268
\tag@help=\toks17
\row@=\count269
\column@=\count270
\maxfields@=\count271
\andhelp@=\toks18
\eqnshift@=\dimen142
\alignsep@=\dimen143
\tagshift@=\dimen144
\tagwidth@=\dimen145
\totwidth@=\dimen146
\lineht@=\dimen147
\@envbody=\toks19
\multlinegap=\skip50
\multlinetaggap=\skip51
\mathdisplay@stack=\toks20
LaTeX Info: Redefining \[ on input line 2938.
LaTeX Info: Redefining \] on input line 2939.
) (C:\Users\w76c139\AppData\Local\Programs\MiKTeX\tex/latex/amsfonts\amssymb.st
y
Package: amssymb 2013/01/14 v3.01 AMS font symbols

(C:\Users\w76c139\AppData\Local\Programs\MiKTeX\tex/latex/amsfonts\amsfonts.sty
Package: amsfonts 2013/01/14 v3.01 Basic AMSFonts support
\symAMSa=\mathgroup4
\symAMSb=\mathgroup5
LaTeX Font Info:    Redeclaring math symbol \hbar on input line 98.
LaTeX Font Info:    Overwriting math alphabet `\mathfrak' in version `bold'
(Font)                  U/euf/m/n --> U/euf/b/n on input line 106.
)) (C:\Users\w76c139\AppData\Local\Programs\MiKTeX\tex/latex/lm\lmodern.sty
Package: lmodern 2009/10/30 v1.6 Latin Modern Fonts
LaTeX Font Info:    Overwriting symbol font `operators' in version `normal'
(Font)                  OT1/cmr/m/n --> OT1/lmr/m/n on input line 22.
LaTeX Font Info:    Overwriting symbol font `letters' in version `normal'
(Font)                  OML/cmm/m/it --> OML/lmm/m/it on input line 23.
LaTeX Font Info:    Overwriting symbol font `symbols' in version `normal'
(Font)                  OMS/cmsy/m/n --> OMS/lmsy/m/n on input line 24.
LaTeX Font Info:    Overwriting symbol font `largesymbols' in version `normal'
(Font)                  OMX/cmex/m/n --> OMX/lmex/m/n on input line 25.
LaTeX Font Info:    Overwriting symbol font `operators' in version `bold'
(Font)                  OT1/cmr/bx/n --> OT1/lmr/bx/n on input line 26.
LaTeX Font Info:    Overwriting symbol font `letters' in version `bold'
(Font)                  OML/cmm/b/it --> OML/lmm/b/it on input line 27.
LaTeX Font Info:    Overwriting symbol font `symbols' in version `bold'
(Font)                  OMS/cmsy/b/n --> OMS/lmsy/b/n on input line 28.
LaTeX Font Info:    Overwriting symbol font `largesymbols' in version `bold'
(Font)                  OMX/cmex/m/n --> OMX/lmex/m/n on input line 29.
LaTeX Font Info:    Overwriting math alphabet `\mathbf' in version `normal'
(Font)                  OT1/cmr/bx/n --> OT1/lmr/bx/n on input line 31.
LaTeX Font Info:    Overwriting math alphabet `\mathsf' in version `normal'
(Font)                  OT1/cmss/m/n --> OT1/lmss/m/n on input line 32.
LaTeX Font Info:    Overwriting math alphabet `\mathit' in version `normal'
(Font)                  OT1/cmr/m/it --> OT1/lmr/m/it on input line 33.
LaTeX Font Info:    Overwriting math alphabet `\mathtt' in version `normal'
(Font)                  OT1/cmtt/m/n --> OT1/lmtt/m/n on input line 34.
LaTeX Font Info:    Overwriting math alphabet `\mathbf' in version `bold'
(Font)                  OT1/cmr/bx/n --> OT1/lmr/bx/n on input line 35.
LaTeX Font Info:    Overwriting math alphabet `\mathsf' in version `bold'
(Font)                  OT1/cmss/bx/n --> OT1/lmss/bx/n on input line 36.
LaTeX Font Info:    Overwriting math alphabet `\mathit' in version `bold'
(Font)                  OT1/cmr/bx/it --> OT1/lmr/bx/it on input line 37.
LaTeX Font Info:    Overwriting math alphabet `\mathtt' in version `bold'
(Font)                  OT1/cmtt/m/n --> OT1/lmtt/m/n on input line 38.
) (C:\Users\w76c139\AppData\Local\Programs\MiKTeX\tex/generic/iftex\iftex.sty
Package: iftex 2022/02/03 v1.0f TeX engine tests
) (C:\Users\w76c139\AppData\Local\Programs\MiKTeX\tex/latex/base\fontenc.sty
Package: fontenc 2021/04/29 v2.0v Standard LaTeX package
LaTeX Font Info:    Trying to load font information for T1+lmr on input line 11
2.
(C:\Users\w76c139\AppData\Local\Programs\MiKTeX\tex/latex/lm\t1lmr.fd
File: t1lmr.fd 2009/10/30 v1.6 Font defs for Latin Modern
)) (C:\Users\w76c139\AppData\Local\Programs\MiKTeX\tex/latex/base\inputenc.sty
Package: inputenc 2021/02/14 v1.3d Input encoding file
\inpenc@prehook=\toks21
\inpenc@posthook=\toks22
) (C:\Users\w76c139\AppData\Local\Programs\MiKTeX\tex/latex/base\textcomp.sty
Package: textcomp 2020/02/02 v2.0n Standard LaTeX package
) (C:\Users\w76c139\AppData\Local\Programs\MiKTeX\tex/latex/upquote\upquote.sty
Package: upquote 2012/04/19 v1.3 upright-quote and grave-accent glyphs in verba
tim
)
(C:\Users\w76c139\AppData\Local\Programs\MiKTeX\tex/latex/microtype\microtype.s
ty
Package: microtype 2022/03/14 v3.0d Micro-typographical refinements (RS)
(C:\Users\w76c139\AppData\Local\Programs\MiKTeX\tex/latex/graphics\keyval.sty
Package: keyval 2014/10/28 v1.15 key=value parser (DPC)
\KV@toks@=\toks23
)
(C:\Users\w76c139\AppData\Local\Programs\MiKTeX\tex/latex/etoolbox\etoolbox.sty
Package: etoolbox 2020/10/05 v2.5k e-TeX tools for LaTeX (JAW)
\etb@tempcnta=\count272
)
\MT@toks=\toks24
\MT@tempbox=\box52
\MT@count=\count273
LaTeX Info: Redefining \noprotrusionifhmode on input line 1027.
LaTeX Info: Redefining \leftprotrusion on input line 1028.
LaTeX Info: Redefining \rightprotrusion on input line 1036.
LaTeX Info: Redefining \textls on input line 1195.
\MT@outer@kern=\dimen148
LaTeX Info: Redefining \textmicrotypecontext on input line 1781.
\MT@listname@count=\count274

(C:\Users\w76c139\AppData\Local\Programs\MiKTeX\tex/latex/microtype\microtype-p
dftex.def
File: microtype-pdftex.def 2022/03/14 v3.0d Definitions specific to pdftex (RS)

LaTeX Info: Redefining \lsstyle on input line 900.
LaTeX Info: Redefining \lslig on input line 900.
\MT@outer@space=\skip52
)
Package microtype Info: Loading configuration file microtype.cfg.

(C:\Users\w76c139\AppData\Local\Programs\MiKTeX\tex/latex/microtype\microtype.c
fg
File: microtype.cfg 2022/03/14 v3.0d microtype main configuration file (RS)
)) (C:\Users\w76c139\AppData\Local\Programs\MiKTeX\tex/latex/parskip\parskip.st
y
Package: parskip 2021-03-14 v2.0h non-zero parskip adjustments

(C:\Users\w76c139\AppData\Local\Programs\MiKTeX\tex/latex/kvoptions\kvoptions.s
ty
Package: kvoptions 2020-10-07 v3.14 Key value format for package options (HO)

(C:\Users\w76c139\AppData\Local\Programs\MiKTeX\tex/generic/ltxcmds\ltxcmds.sty
Package: ltxcmds 2020-05-10 v1.25 LaTeX kernel commands for general use (HO)
)
(C:\Users\w76c139\AppData\Local\Programs\MiKTeX\tex/generic/kvsetkeys\kvsetkeys
.sty
Package: kvsetkeys 2019/12/15 v1.18 Key value parser (HO)
))) (C:\Users\w76c139\AppData\Local\Programs\MiKTeX\tex/latex/xcolor\xcolor.sty
Package: xcolor 2021/10/31 v2.13 LaTeX color extensions (UK)

(C:\Users\w76c139\AppData\Local\Programs\MiKTeX\tex/latex/graphics-cfg\color.cf
g
File: color.cfg 2016/01/02 v1.6 sample color configuration
)
Package xcolor Info: Driver file: pdftex.def on input line 227.

(C:\Users\w76c139\AppData\Local\Programs\MiKTeX\tex/latex/graphics-def\pdftex.d
ef
File: pdftex.def 2020/10/05 v1.2a Graphics/color driver for pdftex
)
Package xcolor Info: Model `cmy' substituted by `cmy0' on input line 1352.
Package xcolor Info: Model `hsb' substituted by `rgb' on input line 1356.
Package xcolor Info: Model `RGB' extended on input line 1368.
Package xcolor Info: Model `HTML' substituted by `rgb' on input line 1370.
Package xcolor Info: Model `Hsb' substituted by `hsb' on input line 1371.
Package xcolor Info: Model `tHsb' substituted by `hsb' on input line 1372.
Package xcolor Info: Model `HSB' substituted by `hsb' on input line 1373.
Package xcolor Info: Model `Gray' substituted by `gray' on input line 1374.
Package xcolor Info: Model `wave' substituted by `hsb' on input line 1375.
)
(C:\Users\w76c139\AppData\Local\Programs\MiKTeX\tex/latex/fancyvrb\fancyvrb.sty
Package: fancyvrb 2022/04/12 4.2 verbatim text (tvz,hv)
\FV@CodeLineNo=\count275
\FV@InFile=\read2
\FV@TabBox=\box53
\c@FancyVerbLine=\count276
\FV@StepNumber=\count277
\FV@OutFile=\write3
) (C:\Users\w76c139\AppData\Local\Programs\MiKTeX\tex/latex/framed\framed.sty
Package: framed 2011/10/22 v 0.96: framed or shaded text with page breaks
\OuterFrameSep=\skip53
\fb@frw=\dimen149
\fb@frh=\dimen150
\FrameRule=\dimen151
\FrameSep=\dimen152
) (C:\Users\w76c139\AppData\Local\Programs\MiKTeX\tex/latex/tools\longtable.sty
Package: longtable 2021-09-01 v4.17 Multi-page Table package (DPC)
\LTleft=\skip54
\LTright=\skip55
\LTpre=\skip56
\LTpost=\skip57
\LTchunksize=\count278
\LTcapwidth=\dimen153
\LT@head=\box54
\LT@firsthead=\box55
\LT@foot=\box56
\LT@lastfoot=\box57
\LT@gbox=\box58
\LT@cols=\count279
\LT@rows=\count280
\c@LT@tables=\count281
\c@LT@chunks=\count282
\LT@p@ftn=\toks25
)
(C:\Users\w76c139\AppData\Local\Programs\MiKTeX\tex/latex/booktabs\booktabs.sty
Package: booktabs 2020/01/12 v1.61803398 Publication quality tables
\heavyrulewidth=\dimen154
\lightrulewidth=\dimen155
\cmidrulewidth=\dimen156
\belowrulesep=\dimen157
\belowbottomsep=\dimen158
\aboverulesep=\dimen159
\abovetopsep=\dimen160
\cmidrulesep=\dimen161
\cmidrulekern=\dimen162
\defaultaddspace=\dimen163
\@cmidla=\count283
\@cmidlb=\count284
\@aboverulesep=\dimen164
\@belowrulesep=\dimen165
\@thisruleclass=\count285
\@lastruleclass=\count286
\@thisrulewidth=\dimen166
) (C:\Users\w76c139\AppData\Local\Programs\MiKTeX\tex/latex/tools\array.sty
Package: array 2021/10/04 v2.5f Tabular extension package (FMi)
\col@sep=\dimen167
\ar@mcellbox=\box59
\extrarowheight=\dimen168
\NC@list=\toks26
\extratabsurround=\skip58
\backup@length=\skip59
\ar@cellbox=\box60
) (C:\Users\w76c139\AppData\Local\Programs\MiKTeX\tex/latex/tools\calc.sty
Package: calc 2017/05/25 v4.3 Infix arithmetic (KKT,FJ)
\calc@Acount=\count287
\calc@Bcount=\count288
\calc@Adimen=\dimen169
\calc@Bdimen=\dimen170
\calc@Askip=\skip60
\calc@Bskip=\skip61
LaTeX Info: Redefining \setlength on input line 80.
LaTeX Info: Redefining \addtolength on input line 81.
\calc@Ccount=\count289
\calc@Cskip=\skip62
)
(C:\Users\w76c139\AppData\Local\Programs\MiKTeX\tex/latex/footnotehyper\footnot
ehyper.sty
Package: footnotehyper 2021/08/13 v1.1e hyperref aware footnote.sty (JFB)
\FNH@notes=\box61
\FNH@width=\dimen171
\FNH@toks=\toks27
)
(C:\Users\w76c139\AppData\Local\Programs\MiKTeX\tex/latex/graphics\graphicx.sty
Package: graphicx 2021/09/16 v1.2d Enhanced LaTeX Graphics (DPC,SPQR)

(C:\Users\w76c139\AppData\Local\Programs\MiKTeX\tex/latex/graphics\graphics.sty
Package: graphics 2021/03/04 v1.4d Standard LaTeX Graphics (DPC,SPQR)
(C:\Users\w76c139\AppData\Local\Programs\MiKTeX\tex/latex/graphics\trig.sty
Package: trig 2021/08/11 v1.11 sin cos tan (DPC)
)
(C:\Users\w76c139\AppData\Local\Programs\MiKTeX\tex/latex/graphics-cfg\graphics
.cfg
File: graphics.cfg 2016/06/04 v1.11 sample graphics configuration
)
Package graphics Info: Driver file: pdftex.def on input line 107.
)
\Gin@req@height=\dimen172
\Gin@req@width=\dimen173
)
\cslhangindent=\skip63
\csllabelwidth=\skip64
\cslentryspacingunit=\skip65

(C:\Users\w76c139\AppData\Local\Programs\MiKTeX\tex/latex/bookmark\bookmark.sty
Package: bookmark 2020-11-06 v1.29 PDF bookmarks (HO)

(C:\Users\w76c139\AppData\Local\Programs\MiKTeX\tex/latex/hyperref\hyperref.sty
Package: hyperref 2022-02-21 v7.00n Hypertext links for LaTeX

(C:\Users\w76c139\AppData\Local\Programs\MiKTeX\tex/generic/pdftexcmds\pdftexcm
ds.sty
Package: pdftexcmds 2020-06-27 v0.33 Utility functions of pdfTeX for LuaTeX (HO
)

(C:\Users\w76c139\AppData\Local\Programs\MiKTeX\tex/generic/infwarerr\infwarerr
.sty
Package: infwarerr 2019/12/03 v1.5 Providing info/warning/error messages (HO)
)
Package pdftexcmds Info: \pdf@primitive is available.
Package pdftexcmds Info: \pdf@ifprimitive is available.
Package pdftexcmds Info: \pdfdraftmode found.
)
(C:\Users\w76c139\AppData\Local\Programs\MiKTeX\tex/generic/kvdefinekeys\kvdefi
nekeys.sty
Package: kvdefinekeys 2019-12-19 v1.6 Define keys (HO)
)
(C:\Users\w76c139\AppData\Local\Programs\MiKTeX\tex/generic/pdfescape\pdfescape
.sty
Package: pdfescape 2019/12/09 v1.15 Implements pdfTeX's escape features (HO)
) (C:\Users\w76c139\AppData\Local\Programs\MiKTeX\tex/latex/hycolor\hycolor.sty
Package: hycolor 2020-01-27 v1.10 Color options for hyperref/bookmark (HO)
)
(C:\Users\w76c139\AppData\Local\Programs\MiKTeX\tex/latex/letltxmacro\letltxmac
ro.sty
Package: letltxmacro 2019/12/03 v1.6 Let assignment for LaTeX macros (HO)
) (C:\Users\w76c139\AppData\Local\Programs\MiKTeX\tex/latex/auxhook\auxhook.sty
Package: auxhook 2019-12-17 v1.6 Hooks for auxiliary files (HO)
)
\@linkdim=\dimen174
\Hy@linkcounter=\count290
\Hy@pagecounter=\count291
(C:\Users\w76c139\AppData\Local\Programs\MiKTeX\tex/latex/hyperref\pd1enc.def
File: pd1enc.def 2022-02-21 v7.00n Hyperref: PDFDocEncoding definition (HO)
Now handling font encoding PD1 ...
... no UTF-8 mapping file for font encoding PD1
)
(C:\Users\w76c139\AppData\Local\Programs\MiKTeX\tex/generic/intcalc\intcalc.sty
Package: intcalc 2019/12/15 v1.3 Expandable calculations with integers (HO)
)
(C:\Users\w76c139\AppData\Local\Programs\MiKTeX\tex/generic/etexcmds\etexcmds.s
ty
Package: etexcmds 2019/12/15 v1.7 Avoid name clashes with e-TeX commands (HO)
)
\Hy@SavedSpaceFactor=\count292
(C:\Users\w76c139\AppData\Local\Programs\MiKTeX\tex/latex/hyperref\puenc.def
File: puenc.def 2022-02-21 v7.00n Hyperref: PDF Unicode definition (HO)
Now handling font encoding PU ...
... no UTF-8 mapping file for font encoding PU
)
Package hyperref Info: Option `unicode' set `true' on input line 4018.
Package hyperref Info: Hyper figures OFF on input line 4137.
Package hyperref Info: Link nesting OFF on input line 4142.
Package hyperref Info: Hyper index ON on input line 4145.
Package hyperref Info: Plain pages OFF on input line 4152.
Package hyperref Info: Backreferencing OFF on input line 4157.
Package hyperref Info: Implicit mode ON; LaTeX internals redefined.
Package hyperref Info: Bookmarks ON on input line 4390.
\c@Hy@tempcnt=\count293
(C:\Users\w76c139\AppData\Local\Programs\MiKTeX\tex/latex/url\url.sty
\Urlmuskip=\muskip17
Package: url 2013/09/16  ver 3.4  Verb mode for urls, etc.
)
LaTeX Info: Redefining \url on input line 4749.
\XeTeXLinkMargin=\dimen175
(C:\Users\w76c139\AppData\Local\Programs\MiKTeX\tex/generic/bitset\bitset.sty
Package: bitset 2019/12/09 v1.3 Handle bit-vector datatype (HO)

(C:\Users\w76c139\AppData\Local\Programs\MiKTeX\tex/generic/bigintcalc\bigintca
lc.sty
Package: bigintcalc 2019/12/15 v1.5 Expandable calculations on big integers (HO
)
))
\Fld@menulength=\count294
\Field@Width=\dimen176
\Fld@charsize=\dimen177
Package hyperref Info: Hyper figures OFF on input line 6027.
Package hyperref Info: Link nesting OFF on input line 6032.
Package hyperref Info: Hyper index ON on input line 6035.
Package hyperref Info: backreferencing OFF on input line 6042.
Package hyperref Info: Link coloring OFF on input line 6047.
Package hyperref Info: Link coloring with OCG OFF on input line 6052.
Package hyperref Info: PDF/A mode OFF on input line 6057.
LaTeX Info: Redefining \ref on input line 6097.
LaTeX Info: Redefining \pageref on input line 6101.

(C:\Users\w76c139\AppData\Local\Programs\MiKTeX\tex/latex/base\atbegshi-ltx.sty
Package: atbegshi-ltx 2021/01/10 v1.0c Emulation of the original atbegshi
package with kernel methods
)
\Hy@abspage=\count295
\c@Item=\count296
\c@Hfootnote=\count297
)
Package hyperref Info: Driver (autodetected): hpdftex.
(C:\Users\w76c139\AppData\Local\Programs\MiKTeX\tex/latex/hyperref\hpdftex.def
File: hpdftex.def 2022-02-21 v7.00n Hyperref driver for pdfTeX

(C:\Users\w76c139\AppData\Local\Programs\MiKTeX\tex/latex/base\atveryend-ltx.st
y
Package: atveryend-ltx 2020/08/19 v1.0a Emulation of the original atveryend pac
kage
with kernel methods
)
\Fld@listcount=\count298
\c@bookmark@seq@number=\count299

(C:\Users\w76c139\AppData\Local\Programs\MiKTeX\tex/latex/rerunfilecheck\rerunf
ilecheck.sty
Package: rerunfilecheck 2019/12/05 v1.9 Rerun checks for auxiliary files (HO)

(C:\Users\w76c139\AppData\Local\Programs\MiKTeX\tex/generic/uniquecounter\uniqu
ecounter.sty
Package: uniquecounter 2019/12/15 v1.4 Provide unlimited unique counter (HO)
)
Package uniquecounter Info: New unique counter `rerunfilecheck' on input line 2
86.
)
\Hy@SectionHShift=\skip66
)
(C:\Users\w76c139\AppData\Local\Programs\MiKTeX\tex/latex/bookmark\bkm-pdftex.d
ef
File: bkm-pdftex.def 2020-11-06 v1.29 bookmark driver for pdfTeX (HO)
\BKM@id=\count300
)) (C:\Users\w76c139\AppData\Local\Programs\MiKTeX\tex/latex/xurl\xurl.sty
Package: xurl 2022/01/09 v 0.10 modify URL breaks
)
(C:\Users\w76c139\AppData\Local\Programs\MiKTeX\tex/latex/l3backend\l3backend-p
dftex.def
File: l3backend-pdftex.def 2022-02-07 L3 backend support: PDF output (pdfTeX)
\l__color_backend_stack_int=\count301
\l__pdf_internal_box=\box62
)
No file Greenwood_Book.aux.
\openout1 = `Greenwood_Book.aux'.

LaTeX Font Info:    Checking defaults for OML/cmm/m/it on input line 151.
LaTeX Font Info:    ... okay on input line 151.
LaTeX Font Info:    Checking defaults for OMS/cmsy/m/n on input line 151.
LaTeX Font Info:    ... okay on input line 151.
LaTeX Font Info:    Checking defaults for OT1/cmr/m/n on input line 151.
LaTeX Font Info:    ... okay on input line 151.
LaTeX Font Info:    Checking defaults for T1/cmr/m/n on input line 151.
LaTeX Font Info:    ... okay on input line 151.
LaTeX Font Info:    Checking defaults for TS1/cmr/m/n on input line 151.
LaTeX Font Info:    ... okay on input line 151.
LaTeX Font Info:    Checking defaults for OMX/cmex/m/n on input line 151.
LaTeX Font Info:    ... okay on input line 151.
LaTeX Font Info:    Checking defaults for U/cmr/m/n on input line 151.
LaTeX Font Info:    ... okay on input line 151.
LaTeX Font Info:    Checking defaults for PD1/pdf/m/n on input line 151.
LaTeX Font Info:    ... okay on input line 151.
LaTeX Font Info:    Checking defaults for PU/pdf/m/n on input line 151.
LaTeX Font Info:    ... okay on input line 151.
LaTeX Info: Redefining \microtypecontext on input line 151.
Package microtype Info: Applying patch `item' on input line 151.
Package microtype Info: Applying patch `toc' on input line 151.
Package microtype Info: Applying patch `eqnum' on input line 151.
Package microtype Info: Applying patch `footnote' on input line 151.
Package microtype Info: Generating PDF output.
Package microtype Info: Character protrusion enabled (level 2).
Package microtype Info: Using protrusion set `basicmath'.
Package microtype Info: Automatic font expansion enabled (level 2),
(microtype)             stretch: 20, shrink: 20, step: 1, non-selected.
Package microtype Info: Using default expansion set `alltext-nott'.
LaTeX Info: Redefining \showhyphens on input line 151.
Package microtype Info: No adjustment of tracking.
Package microtype Info: No adjustment of interword spacing.
Package microtype Info: No adjustment of character kerning.
(C:\Users\w76c139\AppData\Local\Programs\MiKTeX\tex/latex/microtype\mt-cmr.cfg
File: mt-cmr.cfg 2013/05/19 v2.2 microtype config. file: Computer Modern Roman 
(RS)
)
(C:\Users\w76c139\AppData\Local\Programs\MiKTeX\tex/context/base/mkii\supp-pdf.
mkii
[Loading MPS to PDF converter (version 2006.09.02).]
\scratchcounter=\count302
\scratchdimen=\dimen178
\scratchbox=\box63
\nofMPsegments=\count303
\nofMParguments=\count304
\everyMPshowfont=\toks28
\MPscratchCnt=\count305
\MPscratchDim=\dimen179
\MPnumerator=\count306
\makeMPintoPDFobject=\count307
\everyMPtoPDFconversion=\toks29
)
(C:\Users\w76c139\AppData\Local\Programs\MiKTeX\tex/latex/epstopdf-pkg\epstopdf
-base.sty
Package: epstopdf-base 2020-01-24 v2.11 Base part for package epstopdf
Package epstopdf-base Info: Redefining graphics rule for `.eps' on input line 4
85.

(C:\Users\w76c139\AppData\Local\Programs\MiKTeX\tex/latex/00miktex\epstopdf-sys
.cfg
File: epstopdf-sys.cfg 2021/03/18 v2.0 Configuration of epstopdf for MiKTeX
))
Package hyperref Info: Link coloring OFF on input line 151.
(C:\Users\w76c139\AppData\Local\Programs\MiKTeX\tex/latex/hyperref\nameref.sty
Package: nameref 2021-04-02 v2.47 Cross-referencing by name of section

(C:\Users\w76c139\AppData\Local\Programs\MiKTeX\tex/latex/refcount\refcount.sty
Package: refcount 2019/12/15 v3.6 Data extraction from label references (HO)
)
(C:\Users\w76c139\AppData\Local\Programs\MiKTeX\tex/generic/gettitlestring\gett
itlestring.sty
Package: gettitlestring 2019/12/15 v1.6 Cleanup title references (HO)
)
\c@section@level=\count308
)
LaTeX Info: Redefining \ref on input line 151.
LaTeX Info: Redefining \pageref on input line 151.
LaTeX Info: Redefining \nameref on input line 151.
LaTeX Font Info:    Trying to load font information for OT1+lmr on input line 1
53.
(C:\Users\w76c139\AppData\Local\Programs\MiKTeX\tex/latex/lm\ot1lmr.fd
File: ot1lmr.fd 2009/10/30 v1.6 Font defs for Latin Modern
)
LaTeX Font Info:    Trying to load font information for OML+lmm on input line 1
53.
(C:\Users\w76c139\AppData\Local\Programs\MiKTeX\tex/latex/lm\omllmm.fd
File: omllmm.fd 2009/10/30 v1.6 Font defs for Latin Modern
)
LaTeX Font Info:    Trying to load font information for OMS+lmsy on input line 
153.
(C:\Users\w76c139\AppData\Local\Programs\MiKTeX\tex/latex/lm\omslmsy.fd
File: omslmsy.fd 2009/10/30 v1.6 Font defs for Latin Modern
)
LaTeX Font Info:    Trying to load font information for OMX+lmex on input line 
153.
(C:\Users\w76c139\AppData\Local\Programs\MiKTeX\tex/latex/lm\omxlmex.fd
File: omxlmex.fd 2009/10/30 v1.6 Font defs for Latin Modern
)
LaTeX Font Info:    External font `lmex10' loaded for size
(Font)              <12> on input line 153.
LaTeX Font Info:    External font `lmex10' loaded for size
(Font)              <8> on input line 153.
LaTeX Font Info:    External font `lmex10' loaded for size
(Font)              <6> on input line 153.
LaTeX Font Info:    Trying to load font information for U+msa on input line 153
.
(C:\Users\w76c139\AppData\Local\Programs\MiKTeX\tex/latex/amsfonts\umsa.fd
File: umsa.fd 2013/01/14 v3.01 AMS symbols A
) (C:\Users\w76c139\AppData\Local\Programs\MiKTeX\tex/latex/microtype\mt-msa.cf
g
File: mt-msa.cfg 2006/02/04 v1.1 microtype config. file: AMS symbols (a) (RS)
)
LaTeX Font Info:    Trying to load font information for U+msb on input line 153
.
(C:\Users\w76c139\AppData\Local\Programs\MiKTeX\tex/latex/amsfonts\umsb.fd
File: umsb.fd 2013/01/14 v3.01 AMS symbols B
) (C:\Users\w76c139\AppData\Local\Programs\MiKTeX\tex/latex/microtype\mt-msb.cf
g
File: mt-msb.cfg 2005/06/01 v1.0 microtype config. file: AMS symbols (b) (RS)
) [1


{C:/Users/w76c139/AppData/Local/MiKTeX/fonts/map/pdftex/pdftex.map}] [2

]
\tf@toc=\write4
\openout4 = `Greenwood_Book.toc'.

[3] [4

]
<frontMatter/creative_commons_license.png, id=27, 88.33pt x 31.11626pt>
File: frontMatter/creative_commons_license.png Graphic file (type png)
<use frontMatter/creative_commons_license.png>
Package pdftex.def Info: frontMatter/creative_commons_license.png  used on inpu
t line 172.
(pdftex.def)             Requested size: 88.17073pt x 31.06013pt.

Underfull \vbox (badness 2698) has occurred while \output is active []

[5]
LaTeX Font Info:    External font `lmex10' loaded for size
(Font)              <10> on input line 174.
LaTeX Font Info:    External font `lmex10' loaded for size
(Font)              <7> on input line 174.
LaTeX Font Info:    External font `lmex10' loaded for size
(Font)              <5> on input line 174.
[6 <./frontMatter/creative_commons_license.png>]
Chapter 1.

pdfTeX warning (ext4): destination with the same identifier (name{page.1}) has 
been already used, duplicate ignored
<to be read again> 
                   \relax 
l.214 
       [1


]

LaTeX Warning: Reference `fig:Figure1-1' on page 2 undefined on input line 215.



LaTeX Warning: Reference `fig:Figure1-1' on page 2 undefined on input line 224.


<chapter1_files/decisiontree.pdf, id=50, 963.6pt x 542.025pt>
File: chapter1_files/decisiontree.pdf Graphic file (type pdf)
<use chapter1_files/decisiontree.pdf>
Package pdftex.def Info: chapter1_files/decisiontree.pdf  used on input line 23
8.
(pdftex.def)             Requested size: 258.74925pt x 145.54645pt.

LaTeX Warning: Reference `fig:Figure1-1' on page 2 undefined on input line 247.



LaTeX Warning: Reference `chapter2' on page 2 undefined on input line 247.


LaTeX Warning: Reference `chapter3' on page 2 undefined on input line 248.


LaTeX Warning: Reference `chapter4' on page 2 undefined on input line 248.


LaTeX Warning: Reference `chapter6' on page 2 undefined on input line 248.


LaTeX Warning: Reference `chapter7' on page 2 undefined on input line 248.


LaTeX Warning: Reference `chapter8' on page 2 undefined on input line 249.


LaTeX Warning: Reference `chapter5' on page 2 undefined on input line 250.


LaTeX Warning: Reference `fig:Figure1-1' on page 2 undefined on input line 251.



LaTeX Warning: Reference `chapter9' on page 2 undefined on input line 252.


LaTeX Warning: Reference `fig:Figure1-1' on page 2 undefined on input line 255.



LaTeX Warning: Reference `chapter1' on page 2 undefined on input line 257.


LaTeX Warning: Reference `chapter2' on page 2 undefined on input line 257.


LaTeX Warning: Reference `chapter3' on page 2 undefined on input line 264.


LaTeX Warning: Reference `chapter3' on page 2 undefined on input line 271.


pdfTeX warning (ext4): destination with the same identifier (name{page.2}) has 
been already used, duplicate ignored
<to be read again> 
                   \relax 
l.282 
       [2 <./chapter1_files/decisiontree.pdf>]

LaTeX Warning: Reference `chapter5' on page 3 undefined on input line 285.


LaTeX Warning: Reference `chapter5' on page 3 undefined on input line 300.


LaTeX Warning: Reference `fig:Figure1-1' on page 3 undefined on input line 309.



pdfTeX warning (ext4): destination with the same identifier (name{page.3}) has 
been already used, duplicate ignored
<to be read again> 
                   \relax 
l.313 
       [3]

LaTeX Warning: Reference `chapter6' on page 4 undefined on input line 316.


LaTeX Warning: Reference `chapter7' on page 4 undefined on input line 317.


LaTeX Warning: Reference `chapter8' on page 4 undefined on input line 322.


LaTeX Warning: Reference `chapter9' on page 4 undefined on input line 333.


LaTeX Warning: Reference `chapter9' on page 4 undefined on input line 335.


LaTeX Warning: Reference `fig:Figure1-1' on page 4 undefined on input line 349.



pdfTeX warning (ext4): destination with the same identifier (name{page.4}) has 
been already used, duplicate ignored
<to be read again> 
                   \relax 
l.376 
       [4]

LaTeX Warning: Reference `chapter2' on page 5 undefined on input line 406.


pdfTeX warning (ext4): destination with the same identifier (name{page.5}) has 
been already used, duplicate ignored
<to be read again> 
                   \relax 
l.410 
       [5]
<chapter1_files/fig1-2.png, id=96, 1798.209pt x 1198.368pt>
File: chapter1_files/fig1-2.png Graphic file (type png)
<use chapter1_files/fig1-2.png>
Package pdftex.def Info: chapter1_files/fig1-2.png  used on input line 438.
(pdftex.def)             Requested size: 344.9833pt x 229.90483pt.

pdfTeX warning (ext4): destination with the same identifier (name{page.6}) has 
been already used, duplicate ignored
<to be read again> 
                   \relax 
l.445 \newpage
               [6]

LaTeX Warning: Reference `fig:Figure1-2' on page 7 undefined on input line 449.


[7 <./chapter1_files/fig1-2.png>]
LaTeX Font Info:    Trying to load font information for T1+lmtt on input line 4
74.
(C:\Users\w76c139\AppData\Local\Programs\MiKTeX\tex/latex/lm\t1lmtt.fd
File: t1lmtt.fd 2009/10/30 v1.6 Font defs for Latin Modern
) [8]

Package longtable Warning: Column widths have changed
(longtable)                in table 1.1 on input line 606.

[9]

LaTeX Warning: Reference `fig:Figure1-2' on page 10 undefined on input line 622
.


Overfull \hbox (8.82774pt too wide) in paragraph at lines 652--653
[]\T1/lmr/m/n/10 (-20) RunTime  
 []


Overfull \hbox (6.09044pt too wide) in paragraph at lines 654--655
[]\T1/lmr/m/n/10 (-20) RunPulse  
 []


Overfull \hbox (7.43088pt too wide) in paragraph at lines 659--660
[]\T1/lmr/m/n/10 (-20) BodyWeight  
 []


Underfull \hbox (badness 10000) in paragraph at lines 684--684
[][][]\T1/lmr/m/n/8 (+20) If you are hav-ing trou-ble get-ting the file con-ver
ted and
 []


Underfull \hbox (badness 10000) in paragraph at lines 684--684
\T1/lmr/m/n/8 (+20) read into R, copy and run the fol-low-ing code: \T1/lmtt/m/
n/8 treadmill <-
 []


LaTeX Warning: Reference `fig:Figure1-3' on page 10 undefined on input line 690
.

[10]
<chapter1_files/fig1-3.png, id=136, 1798.209pt x 1198.368pt>
File: chapter1_files/fig1-3.png Graphic file (type png)
<use chapter1_files/fig1-3.png>
Package pdftex.def Info: chapter1_files/fig1-3.png  used on input line 711.
(pdftex.def)             Requested size: 344.9833pt x 229.90483pt.
LaTeX Font Info:    Font shape `T1/lmtt/bx/n' in size <9> not available
(Font)              Font shape `T1/lmtt/b/n' tried instead on input line 747.

Overfull \vbox (0.51375pt too high) detected at line 766
 []

[11 <./chapter1_files/fig1-3.png>] [12]

LaTeX Warning: Reference `fig:Figure1-4' on page 13 undefined on input line 796
.

<chapter1_files/fig1-4.png, id=150, 1798.209pt x 1198.368pt>
File: chapter1_files/fig1-4.png Graphic file (type png)
<use chapter1_files/fig1-4.png>
Package pdftex.def Info: chapter1_files/fig1-4.png  used on input line 806.
(pdftex.def)             Requested size: 344.9833pt x 229.90483pt.

Overfull \hbox (37.26033pt too wide) has occurred while \output is active
\T1/lmr/m/sl/10 1.3.  BASIC SUMMARY STATISTICS, HISTOGRAMS, AND BOXPLOTS USING 
R \T1/lmr/m/n/10 13
 []

[13] [14 <./chapter1_files/fig1-4.png>]

LaTeX Warning: Reference `section1-6' on page 15 undefined on input line 889.


LaTeX Warning: Reference `fig:Figure1-5' on page 15 undefined on input line 900
.

<01-preface_files/figure-latex/Figure1-5-1.pdf, id=170, 722.7pt x 433.62pt>
File: 01-preface_files/figure-latex/Figure1-5-1.pdf Graphic file (type pdf)
<use 01-preface_files/figure-latex/Figure1-5-1.pdf>
Package pdftex.def Info: 01-preface_files/figure-latex/Figure1-5-1.pdf  used on
 input line 912.
(pdftex.def)             Requested size: 258.74925pt x 155.24954pt.
<chapter1_files/Fig1-6.png, id=171, 1798.209pt x 1198.368pt>
File: chapter1_files/Fig1-6.png Graphic file (type png)
<use chapter1_files/Fig1-6.png>
Package pdftex.def Info: chapter1_files/Fig1-6.png  used on input line 923.
(pdftex.def)             Requested size: 344.9833pt x 229.90483pt.

LaTeX Warning: Reference `fig:Figure1-6' on page 15 undefined on input line 935
.


Overfull \hbox (37.26033pt too wide) has occurred while \output is active
\T1/lmr/m/sl/10 1.3.  BASIC SUMMARY STATISTICS, HISTOGRAMS, AND BOXPLOTS USING 
R \T1/lmr/m/n/10 15
 []

[15]
Underfull \vbox (badness 1057) has occurred while \output is active []

[16 <./01-preface_files/figure-latex/Figure1-5-1.pdf> <./chapter1_files/Fig1-6.
png>]
<01-preface_files/figure-latex/Figure1-7-1.pdf, id=189, 722.7pt x 433.62pt>
File: 01-preface_files/figure-latex/Figure1-7-1.pdf Graphic file (type pdf)
<use 01-preface_files/figure-latex/Figure1-7-1.pdf>
Package pdftex.def Info: 01-preface_files/figure-latex/Figure1-7-1.pdf  used on
 input line 956.
(pdftex.def)             Requested size: 258.74925pt x 155.24954pt.

LaTeX Warning: Reference `fig:Figure1-8' on page 17 undefined on input line 963
.


LaTeX Warning: Reference `fig:Figure1-8' on page 17 undefined on input line 971
.


Overfull \hbox (37.26033pt too wide) has occurred while \output is active
\T1/lmr/m/sl/10 1.3.  BASIC SUMMARY STATISTICS, HISTOGRAMS, AND BOXPLOTS USING 
R \T1/lmr/m/n/10 17
 []

[17 <./01-preface_files/figure-latex/Figure1-7-1.pdf>]
<01-preface_files/figure-latex/Figure1-8-1.pdf, id=205, 722.7pt x 433.62pt>
File: 01-preface_files/figure-latex/Figure1-8-1.pdf Graphic file (type pdf)
<use 01-preface_files/figure-latex/Figure1-8-1.pdf>
Package pdftex.def Info: 01-preface_files/figure-latex/Figure1-8-1.pdf  used on
 input line 1017.
(pdftex.def)             Requested size: 258.74925pt x 155.24954pt.

LaTeX Warning: Reference `fig:Figure1-9' on page 18 undefined on input line 103
4.

<01-preface_files/figure-latex/Figure1-9-1.pdf, id=206, 722.7pt x 433.62pt>
File: 01-preface_files/figure-latex/Figure1-9-1.pdf Graphic file (type pdf)
<use 01-preface_files/figure-latex/Figure1-9-1.pdf>
Package pdftex.def Info: 01-preface_files/figure-latex/Figure1-9-1.pdf  used on
 input line 1042.
(pdftex.def)             Requested size: 258.74925pt x 155.24954pt.
[18 <./01-preface_files/figure-latex/Figure1-8-1.pdf>]

LaTeX Warning: Reference `chapter2' on page 19 undefined on input line 1109.

[19 <./01-preface_files/figure-latex/Figure1-9-1.pdf>]
LaTeX Font Info:    Trying to load font information for TS1+lmtt on input line 
1121.
(C:\Users\w76c139\AppData\Local\Programs\MiKTeX\tex/latex/lm\ts1lmtt.fd
File: ts1lmtt.fd 2009/10/30 v1.6 Font defs for Latin Modern
)

LaTeX Warning: Reference `fig:Figure1-10' on page 20 undefined on input line 11
67.


Underfull \hbox (badness 10000) in paragraph at lines 1155--1170
\T1/lmtt/m/n/10 = <DATA>, mapping = aes(<VARIABLE MAPPINGS>)) + <GEOM_FUNCTION>
()\T1/lmr/m/n/10 (+20) .
 []

[20]
Overfull \hbox (1.499pt too wide) in paragraph at lines 1182--1182
[]\TS1/lmtt/m/n/10 `\T1/lmtt/m/n/10 stat_bin()\TS1/lmtt/m/n/10 ` \T1/lmtt/m/n/1
0 using \TS1/lmtt/m/n/10 `\T1/lmtt/m/n/10 bins = 30\TS1/lmtt/m/n/10 `\T1/lmtt/m
/n/10 . Pick better value with \TS1/lmtt/m/n/10 `\T1/lmtt/m/n/10 binwidth\TS1/l
mtt/m/n/10 `\T1/lmtt/m/n/10 .[] 
 []

<01-preface_files/figure-latex/Figure1-10-1.pdf, id=249, 722.7pt x 433.62pt>
File: 01-preface_files/figure-latex/Figure1-10-1.pdf Graphic file (type pdf)
<use 01-preface_files/figure-latex/Figure1-10-1.pdf>
Package pdftex.def Info: 01-preface_files/figure-latex/Figure1-10-1.pdf  used o
n input line 1186.
(pdftex.def)             Requested size: 258.74925pt x 155.24954pt.
[21 <./01-preface_files/figure-latex/Figure1-10-1.pdf>]

LaTeX Warning: Reference `fig:Figure1-11' on page 22 undefined on input line 12
02.

<01-preface_files/figure-latex/Figure1-11-1.pdf, id=260, 722.7pt x 433.62pt>
File: 01-preface_files/figure-latex/Figure1-11-1.pdf Graphic file (type pdf)
<use 01-preface_files/figure-latex/Figure1-11-1.pdf>
Package pdftex.def Info: 01-preface_files/figure-latex/Figure1-11-1.pdf  used o
n input line 1208.
(pdftex.def)             Requested size: 258.74925pt x 155.24954pt.
[22 <./01-preface_files/figure-latex/Figure1-11-1.pdf>]

LaTeX Warning: Reference `fig:Figure1-12' on page 23 undefined on input line 12
29.

<01-preface_files/figure-latex/Figure1-12-1.pdf, id=275, 722.7pt x 433.62pt>
File: 01-preface_files/figure-latex/Figure1-12-1.pdf Graphic file (type pdf)
<use 01-preface_files/figure-latex/Figure1-12-1.pdf>
Package pdftex.def Info: 01-preface_files/figure-latex/Figure1-12-1.pdf  used o
n input line 1256.
(pdftex.def)             Requested size: 258.74925pt x 155.24954pt.

Underfull \vbox (badness 1755) has occurred while \output is active []

[23 <./01-preface_files/figure-latex/Figure1-12-1.pdf>] [24] [25]
LaTeX Font Info:    Trying to load font information for TS1+lmr on input line 1
329.
(C:\Users\w76c139\AppData\Local\Programs\MiKTeX\tex/latex/lm\ts1lmr.fd
File: ts1lmr.fd 2009/10/30 v1.6 Font defs for Latin Modern
) [26] [27] [28]
Chapter 2.
[29

]

LaTeX Warning: Reference `tab:Table2-1' on page 30 undefined on input line 1521
.

! Missing $ inserted.
<inserted text> 
                $
l.1542 ...{To type this R-markdown, use ``\sim''.}
                                                  , you can read \(Y_i \sim ...
 
Here is how much of TeX's memory you used:
 14220 strings out of 478582
 230231 string characters out of 2843401
 551369 words of memory out of 3000000
 31778 multiletter control sequences out of 15000+600000
 574851 words of font info for 225 fonts, out of 8000000 for 9000
 1141 hyphenation exceptions out of 8191
 74i,8n,77p,1257b,449s stack positions out of 10000i,1000n,20000p,200000b,80000s
!  ==> Fatal error occurred, no output PDF file produced!
